INFO  [2019-04-24 18:22:45,624] io.dropwizard.server.DefaultServerFactory: Registering jersey handler with root path prefix: /
INFO  [2019-04-24 18:22:45,626] io.dropwizard.server.DefaultServerFactory: Registering admin handler with root path prefix: /
INFO  [2019-04-24 18:22:45,626] io.dropwizard.assets.AssetsBundle: Registering AssetBundle with name: grobidAssets for path /*
INFO  [2019-04-24 18:22:46,030] com.hubspot.dropwizard.guicier.DropwizardModule: Added guice injected health check: org.grobid.service.resources.HealthResource
INFO  [2019-04-24 18:22:46,040] org.grobid.service.GrobidRestService: Initiating Servlet GrobidRestService
INFO  [2019-04-24 18:22:46,041] org.grobid.core.main.LibraryLoader: Loading external native sequence labelling library
INFO  [2019-04-24 18:22:46,042] org.grobid.core.main.LibraryLoader: Loading Wapiti native library...
INFO  [2019-04-24 18:22:46,043] org.grobid.core.main.LibraryLoader: Native library for sequence labelling loaded
INFO  [2019-04-24 18:22:46,046] org.grobid.core.lexicon.Lexicon: Initiating dictionary
INFO  [2019-04-24 18:22:46,046] org.grobid.core.lexicon.Lexicon: End of Initialization of dictionary
INFO  [2019-04-24 18:22:46,046] org.grobid.core.lexicon.Lexicon: Initiating names
INFO  [2019-04-24 18:22:46,046] org.grobid.core.lexicon.Lexicon: End of initialization of names
INFO  [2019-04-24 18:22:46,478] org.grobid.core.lexicon.Lexicon: Initiating country codes
INFO  [2019-04-24 18:22:46,478] org.grobid.core.lexicon.Lexicon: End of initialization of country codes
INFO  [2019-04-24 18:22:46,594] org.grobid.core.factory.GrobidPoolingFactory: Number of Engines in pool active/max: 1/10
INFO  [2019-04-24 18:22:46,594] org.grobid.service.GrobidRestService: Initiating of Servlet GrobidRestService finished.
INFO  [2019-04-24 18:22:46,599] com.hubspot.dropwizard.guicier.DropwizardModule: Registering org.grobid.service.resources.HealthResource as a root resource class
INFO  [2019-04-24 18:22:46,599] com.hubspot.dropwizard.guicier.DropwizardModule: Registering org.grobid.service.GrobidRestService as a root resource class
INFO  [2019-04-24 18:22:46,599] com.hubspot.dropwizard.guicier.DropwizardModule: Registering org.grobid.service.exceptions.mapper.GrobidServiceExceptionMapper as a provider class
INFO  [2019-04-24 18:22:46,599] com.hubspot.dropwizard.guicier.DropwizardModule: Registering org.grobid.service.exceptions.mapper.GrobidExceptionsTranslationUtility as a provider class
INFO  [2019-04-24 18:22:46,599] com.hubspot.dropwizard.guicier.DropwizardModule: Registering org.grobid.service.exceptions.mapper.GrobidExceptionMapper as a provider class
INFO  [2019-04-24 18:22:46,600] com.hubspot.dropwizard.guicier.DropwizardModule: Registering org.grobid.service.exceptions.mapper.WebApplicationExceptionMapper as a provider class
INFO  [2019-04-24 18:22:46,602] org.grobid.service.main.GrobidServiceApplication: Service config=GrobidServiceConfiguration{server=DefaultServerFactory{applicationConnectors=[io.dropwizard.jetty.HttpConnectorFactory@51e37590], adminConnectors=[io.dropwizard.jetty.HttpConnectorFactory@704b2127], adminMaxThreads=64, adminMinThreads=1, applicationContextPath=/, adminContextPath=/}, logging=DefaultLoggingFactory{level=INFO, loggers={org.apache.pdfbox.pdmodel.font.PDSimpleFont="OFF"}, appenders=[io.dropwizard.logging.ConsoleAppenderFactory@c6a6c1d, io.dropwizard.logging.FileAppenderFactory@9d7ccfe]}, metrics=MetricsFactory{frequency=1 minute, reporters=[]}}
INFO  [2019-04-24 18:22:46,611] io.dropwizard.server.ServerFactory: Starting grobid-service

 _______  _______  _______  ______  _________ ______     _______  _______  _______          _________ _______  _______
(  ____ \(  ____ )(  ___  )(  ___ \ \__   __/(  __  \   (  ____ \(  ____ \(  ____ )|\     /|\__   __/(  ____ \(  ____ \
| (    \/| (    )|| (   ) || (   ) )   ) (   | (  \  )  | (    \/| (    \/| (    )|| )   ( |   ) (   | (    \/| (    \/
| |      | (____)|| |   | || (__/ /    | |   | |   ) |  | (_____ | (__    | (____)|| |   | |   | |   | |      | (__
| | ____ |     __)| |   | ||  __ (     | |   | |   | |  (_____  )|  __)   |     __)( (   ) )   | |   | |      |  __)
| | \_  )| (\ (   | |   | || (  \ \    | |   | |   ) |        ) || (      | (\ (    \ \_/ /    | |   | |      | (
| (___) || ) \ \__| (___) || )___) )___) (___| (__/  )  /\____) || (____/\| ) \ \__  \   /  ___) (___| (____/\| (____/\
(_______)|/   \__/(_______)|/ \___/ \_______/(______/   \_______)(_______/|/   \__/   \_/   \_______/(_______/(_______/


INFO  [2019-04-24 18:22:46,725] org.eclipse.jetty.setuid.SetUIDListener: Opened application@29f38091{HTTP/1.1,[http/1.1]}{0.0.0.0:8070}
INFO  [2019-04-24 18:22:46,725] org.eclipse.jetty.setuid.SetUIDListener: Opened admin@161dd92a{HTTP/1.1,[http/1.1]}{0.0.0.0:8071}
INFO  [2019-04-24 18:22:46,727] org.eclipse.jetty.server.Server: jetty-9.4.11.v20180605; built: 2018-06-05T18:24:03.829Z; git: d5fc0523cfa96bfebfbda19606cad384d772f04c; jvm 1.8.0_212-b10
WARN  [2019-04-24 18:22:47,011] org.glassfish.jersey.internal.inject.Providers: A provider org.grobid.service.exceptions.mapper.GrobidExceptionsTranslationUtility registered in SERVER runtime does not implement any provider interfaces applicable in the SERVER runtime. Due to constraint configuration problems the provider org.grobid.service.exceptions.mapper.GrobidExceptionsTranslationUtility will be ignored. 
INFO  [2019-04-24 18:22:47,291] io.dropwizard.jersey.DropwizardResourceConfig: The following paths were found for the configured resources:

    POST    /api/annotatePDF (org.grobid.service.GrobidRestService)
    POST    /api/citationPatentAnnotations (org.grobid.service.GrobidRestService)
    GET     /api/grobid (org.grobid.service.GrobidRestService)
    GET     /api/health (org.grobid.service.resources.HealthResource)
    GET     /api/isalive (org.grobid.service.GrobidRestService)
    POST    /api/processAffiliations (org.grobid.service.GrobidRestService)
    PUT     /api/processAffiliations (org.grobid.service.GrobidRestService)
    POST    /api/processCitation (org.grobid.service.GrobidRestService)
    PUT     /api/processCitation (org.grobid.service.GrobidRestService)
    POST    /api/processCitationNames (org.grobid.service.GrobidRestService)
    PUT     /api/processCitationNames (org.grobid.service.GrobidRestService)
    POST    /api/processCitationPatentPDF (org.grobid.service.GrobidRestService)
    POST    /api/processCitationPatentST36 (org.grobid.service.GrobidRestService)
    POST    /api/processCitationPatentTXT (org.grobid.service.GrobidRestService)
    POST    /api/processDate (org.grobid.service.GrobidRestService)
    PUT     /api/processDate (org.grobid.service.GrobidRestService)
    POST    /api/processFulltextAssetDocument (org.grobid.service.GrobidRestService)
    PUT     /api/processFulltextAssetDocument (org.grobid.service.GrobidRestService)
    POST    /api/processFulltextDocument (org.grobid.service.GrobidRestService)
    PUT     /api/processFulltextDocument (org.grobid.service.GrobidRestService)
    POST    /api/processHeaderDocument (org.grobid.service.GrobidRestService)
    PUT     /api/processHeaderDocument (org.grobid.service.GrobidRestService)
    POST    /api/processHeaderNames (org.grobid.service.GrobidRestService)
    PUT     /api/processHeaderNames (org.grobid.service.GrobidRestService)
    POST    /api/processReferences (org.grobid.service.GrobidRestService)
    PUT     /api/processReferences (org.grobid.service.GrobidRestService)
    POST    /api/referenceAnnotations (org.grobid.service.GrobidRestService)
    GET     /api/version (org.grobid.service.GrobidRestService)

INFO  [2019-04-24 18:22:47,293] org.eclipse.jetty.server.handler.ContextHandler: Started i.d.j.MutableServletContextHandler@27ab206{/,null,AVAILABLE}
INFO  [2019-04-24 18:22:47,297] io.dropwizard.setup.AdminEnvironment: tasks = 

    POST    /tasks/log-level (io.dropwizard.servlets.tasks.LogConfigurationTask)
    POST    /tasks/gc (io.dropwizard.servlets.tasks.GarbageCollectionTask)

INFO  [2019-04-24 18:22:47,302] org.eclipse.jetty.server.handler.ContextHandler: Started i.d.j.MutableServletContextHandler@7b297740{/,null,AVAILABLE}
INFO  [2019-04-24 18:22:47,313] org.eclipse.jetty.server.AbstractConnector: Started application@29f38091{HTTP/1.1,[http/1.1]}{0.0.0.0:8070}
INFO  [2019-04-24 18:22:47,313] org.eclipse.jetty.server.AbstractConnector: Started admin@161dd92a{HTTP/1.1,[http/1.1]}{0.0.0.0:8071}
INFO  [2019-04-24 18:22:47,313] org.eclipse.jetty.server.Server: Started @3432ms
INFO  [2019-04-24 18:23:21,829] org.eclipse.jetty.server.AbstractConnector: Stopped application@29f38091{HTTP/1.1,[http/1.1]}{0.0.0.0:8070}
INFO  [2019-04-24 18:23:21,830] org.eclipse.jetty.server.AbstractConnector: Stopped admin@161dd92a{HTTP/1.1,[http/1.1]}{0.0.0.0:8071}
INFO  [2019-04-24 18:23:21,832] org.eclipse.jetty.server.handler.ContextHandler: Stopped i.d.j.MutableServletContextHandler@7b297740{/,null,UNAVAILABLE}
INFO  [2019-04-24 18:23:21,834] org.eclipse.jetty.server.handler.ContextHandler: Stopped i.d.j.MutableServletContextHandler@27ab206{/,null,UNAVAILABLE}
INFO  [2019-04-24 18:30:09,937] io.dropwizard.server.DefaultServerFactory: Registering jersey handler with root path prefix: /
INFO  [2019-04-24 18:30:09,940] io.dropwizard.server.DefaultServerFactory: Registering admin handler with root path prefix: /
INFO  [2019-04-24 18:30:09,941] io.dropwizard.assets.AssetsBundle: Registering AssetBundle with name: grobidAssets for path /*
INFO  [2019-04-24 18:30:10,327] com.hubspot.dropwizard.guicier.DropwizardModule: Added guice injected health check: org.grobid.service.resources.HealthResource
INFO  [2019-04-24 18:30:10,336] org.grobid.service.GrobidRestService: Initiating Servlet GrobidRestService
INFO  [2019-04-24 18:30:10,338] org.grobid.core.main.LibraryLoader: Loading external native sequence labelling library
INFO  [2019-04-24 18:30:10,338] org.grobid.core.main.LibraryLoader: Loading Wapiti native library...
INFO  [2019-04-24 18:30:10,340] org.grobid.core.main.LibraryLoader: Native library for sequence labelling loaded
INFO  [2019-04-24 18:30:10,343] org.grobid.core.lexicon.Lexicon: Initiating dictionary
INFO  [2019-04-24 18:30:10,343] org.grobid.core.lexicon.Lexicon: End of Initialization of dictionary
INFO  [2019-04-24 18:30:10,343] org.grobid.core.lexicon.Lexicon: Initiating names
INFO  [2019-04-24 18:30:10,343] org.grobid.core.lexicon.Lexicon: End of initialization of names
INFO  [2019-04-24 18:30:10,769] org.grobid.core.lexicon.Lexicon: Initiating country codes
INFO  [2019-04-24 18:30:10,769] org.grobid.core.lexicon.Lexicon: End of initialization of country codes
INFO  [2019-04-24 18:30:10,863] org.grobid.core.factory.GrobidPoolingFactory: Number of Engines in pool active/max: 1/10
INFO  [2019-04-24 18:30:10,863] org.grobid.service.GrobidRestService: Initiating of Servlet GrobidRestService finished.
INFO  [2019-04-24 18:30:10,867] com.hubspot.dropwizard.guicier.DropwizardModule: Registering org.grobid.service.resources.HealthResource as a root resource class
INFO  [2019-04-24 18:30:10,867] com.hubspot.dropwizard.guicier.DropwizardModule: Registering org.grobid.service.GrobidRestService as a root resource class
INFO  [2019-04-24 18:30:10,868] com.hubspot.dropwizard.guicier.DropwizardModule: Registering org.grobid.service.exceptions.mapper.GrobidServiceExceptionMapper as a provider class
INFO  [2019-04-24 18:30:10,868] com.hubspot.dropwizard.guicier.DropwizardModule: Registering org.grobid.service.exceptions.mapper.GrobidExceptionsTranslationUtility as a provider class
INFO  [2019-04-24 18:30:10,868] com.hubspot.dropwizard.guicier.DropwizardModule: Registering org.grobid.service.exceptions.mapper.GrobidExceptionMapper as a provider class
INFO  [2019-04-24 18:30:10,868] com.hubspot.dropwizard.guicier.DropwizardModule: Registering org.grobid.service.exceptions.mapper.WebApplicationExceptionMapper as a provider class
INFO  [2019-04-24 18:30:10,871] org.grobid.service.main.GrobidServiceApplication: Service config=GrobidServiceConfiguration{server=DefaultServerFactory{applicationConnectors=[io.dropwizard.jetty.HttpConnectorFactory@51e37590], adminConnectors=[io.dropwizard.jetty.HttpConnectorFactory@704b2127], adminMaxThreads=64, adminMinThreads=1, applicationContextPath=/, adminContextPath=/}, logging=DefaultLoggingFactory{level=INFO, loggers={org.apache.pdfbox.pdmodel.font.PDSimpleFont="OFF"}, appenders=[io.dropwizard.logging.ConsoleAppenderFactory@c6a6c1d, io.dropwizard.logging.FileAppenderFactory@9d7ccfe]}, metrics=MetricsFactory{frequency=1 minute, reporters=[]}}
INFO  [2019-04-24 18:30:10,881] io.dropwizard.server.ServerFactory: Starting grobid-service

 _______  _______  _______  ______  _________ ______     _______  _______  _______          _________ _______  _______
(  ____ \(  ____ )(  ___  )(  ___ \ \__   __/(  __  \   (  ____ \(  ____ \(  ____ )|\     /|\__   __/(  ____ \(  ____ \
| (    \/| (    )|| (   ) || (   ) )   ) (   | (  \  )  | (    \/| (    \/| (    )|| )   ( |   ) (   | (    \/| (    \/
| |      | (____)|| |   | || (__/ /    | |   | |   ) |  | (_____ | (__    | (____)|| |   | |   | |   | |      | (__
| | ____ |     __)| |   | ||  __ (     | |   | |   | |  (_____  )|  __)   |     __)( (   ) )   | |   | |      |  __)
| | \_  )| (\ (   | |   | || (  \ \    | |   | |   ) |        ) || (      | (\ (    \ \_/ /    | |   | |      | (
| (___) || ) \ \__| (___) || )___) )___) (___| (__/  )  /\____) || (____/\| ) \ \__  \   /  ___) (___| (____/\| (____/\
(_______)|/   \__/(_______)|/ \___/ \_______/(______/   \_______)(_______/|/   \__/   \_/   \_______/(_______/(_______/


INFO  [2019-04-24 18:30:10,995] org.eclipse.jetty.setuid.SetUIDListener: Opened application@29f38091{HTTP/1.1,[http/1.1]}{0.0.0.0:8070}
INFO  [2019-04-24 18:30:10,995] org.eclipse.jetty.setuid.SetUIDListener: Opened admin@161dd92a{HTTP/1.1,[http/1.1]}{0.0.0.0:8071}
INFO  [2019-04-24 18:30:10,998] org.eclipse.jetty.server.Server: jetty-9.4.11.v20180605; built: 2018-06-05T18:24:03.829Z; git: d5fc0523cfa96bfebfbda19606cad384d772f04c; jvm 1.8.0_212-b10
WARN  [2019-04-24 18:30:11,294] org.glassfish.jersey.internal.inject.Providers: A provider org.grobid.service.exceptions.mapper.GrobidExceptionsTranslationUtility registered in SERVER runtime does not implement any provider interfaces applicable in the SERVER runtime. Due to constraint configuration problems the provider org.grobid.service.exceptions.mapper.GrobidExceptionsTranslationUtility will be ignored. 
INFO  [2019-04-24 18:30:11,552] io.dropwizard.jersey.DropwizardResourceConfig: The following paths were found for the configured resources:

    POST    /api/annotatePDF (org.grobid.service.GrobidRestService)
    POST    /api/citationPatentAnnotations (org.grobid.service.GrobidRestService)
    GET     /api/grobid (org.grobid.service.GrobidRestService)
    GET     /api/health (org.grobid.service.resources.HealthResource)
    GET     /api/isalive (org.grobid.service.GrobidRestService)
    POST    /api/processAffiliations (org.grobid.service.GrobidRestService)
    PUT     /api/processAffiliations (org.grobid.service.GrobidRestService)
    POST    /api/processCitation (org.grobid.service.GrobidRestService)
    PUT     /api/processCitation (org.grobid.service.GrobidRestService)
    POST    /api/processCitationNames (org.grobid.service.GrobidRestService)
    PUT     /api/processCitationNames (org.grobid.service.GrobidRestService)
    POST    /api/processCitationPatentPDF (org.grobid.service.GrobidRestService)
    POST    /api/processCitationPatentST36 (org.grobid.service.GrobidRestService)
    POST    /api/processCitationPatentTXT (org.grobid.service.GrobidRestService)
    POST    /api/processDate (org.grobid.service.GrobidRestService)
    PUT     /api/processDate (org.grobid.service.GrobidRestService)
    POST    /api/processFulltextAssetDocument (org.grobid.service.GrobidRestService)
    PUT     /api/processFulltextAssetDocument (org.grobid.service.GrobidRestService)
    POST    /api/processFulltextDocument (org.grobid.service.GrobidRestService)
    PUT     /api/processFulltextDocument (org.grobid.service.GrobidRestService)
    POST    /api/processHeaderDocument (org.grobid.service.GrobidRestService)
    PUT     /api/processHeaderDocument (org.grobid.service.GrobidRestService)
    POST    /api/processHeaderNames (org.grobid.service.GrobidRestService)
    PUT     /api/processHeaderNames (org.grobid.service.GrobidRestService)
    POST    /api/processReferences (org.grobid.service.GrobidRestService)
    PUT     /api/processReferences (org.grobid.service.GrobidRestService)
    POST    /api/referenceAnnotations (org.grobid.service.GrobidRestService)
    GET     /api/version (org.grobid.service.GrobidRestService)

INFO  [2019-04-24 18:30:11,554] org.eclipse.jetty.server.handler.ContextHandler: Started i.d.j.MutableServletContextHandler@27ab206{/,null,AVAILABLE}
INFO  [2019-04-24 18:30:11,559] io.dropwizard.setup.AdminEnvironment: tasks = 

    POST    /tasks/log-level (io.dropwizard.servlets.tasks.LogConfigurationTask)
    POST    /tasks/gc (io.dropwizard.servlets.tasks.GarbageCollectionTask)

INFO  [2019-04-24 18:30:11,566] org.eclipse.jetty.server.handler.ContextHandler: Started i.d.j.MutableServletContextHandler@7b297740{/,null,AVAILABLE}
INFO  [2019-04-24 18:30:11,580] org.eclipse.jetty.server.AbstractConnector: Started application@29f38091{HTTP/1.1,[http/1.1]}{0.0.0.0:8070}
INFO  [2019-04-24 18:30:11,580] org.eclipse.jetty.server.AbstractConnector: Started admin@161dd92a{HTTP/1.1,[http/1.1]}{0.0.0.0:8071}
INFO  [2019-04-24 18:30:11,581] org.eclipse.jetty.server.Server: Started @3278ms
INFO  [2019-04-24 18:31:07,459] org.eclipse.jetty.server.AbstractConnector: Stopped application@29f38091{HTTP/1.1,[http/1.1]}{0.0.0.0:8070}
INFO  [2019-04-24 18:31:07,459] org.eclipse.jetty.server.AbstractConnector: Stopped admin@161dd92a{HTTP/1.1,[http/1.1]}{0.0.0.0:8071}
INFO  [2019-04-24 18:31:07,460] org.eclipse.jetty.server.handler.ContextHandler: Stopped i.d.j.MutableServletContextHandler@7b297740{/,null,UNAVAILABLE}
INFO  [2019-04-24 18:31:07,463] org.eclipse.jetty.server.handler.ContextHandler: Stopped i.d.j.MutableServletContextHandler@27ab206{/,null,UNAVAILABLE}
