INFO  [2019-04-27 23:40:48,562] io.dropwizard.server.DefaultServerFactory: Registering jersey handler with root path prefix: /
INFO  [2019-04-27 23:40:48,564] io.dropwizard.server.DefaultServerFactory: Registering admin handler with root path prefix: /
INFO  [2019-04-27 23:40:48,565] io.dropwizard.assets.AssetsBundle: Registering AssetBundle with name: grobidAssets for path /*
INFO  [2019-04-27 23:40:48,958] com.hubspot.dropwizard.guicier.DropwizardModule: Added guice injected health check: org.grobid.service.resources.HealthResource
INFO  [2019-04-27 23:40:48,967] org.grobid.service.GrobidRestService: Initiating Servlet GrobidRestService
INFO  [2019-04-27 23:40:48,968] org.grobid.core.main.LibraryLoader: Loading external native sequence labelling library
INFO  [2019-04-27 23:40:48,969] org.grobid.core.main.LibraryLoader: Loading Wapiti native library...
INFO  [2019-04-27 23:40:48,971] org.grobid.core.main.LibraryLoader: Native library for sequence labelling loaded
INFO  [2019-04-27 23:40:48,974] org.grobid.core.lexicon.Lexicon: Initiating dictionary
INFO  [2019-04-27 23:40:48,974] org.grobid.core.lexicon.Lexicon: End of Initialization of dictionary
INFO  [2019-04-27 23:40:48,974] org.grobid.core.lexicon.Lexicon: Initiating names
INFO  [2019-04-27 23:40:48,974] org.grobid.core.lexicon.Lexicon: End of initialization of names
INFO  [2019-04-27 23:40:49,373] org.grobid.core.lexicon.Lexicon: Initiating country codes
INFO  [2019-04-27 23:40:49,373] org.grobid.core.lexicon.Lexicon: End of initialization of country codes
INFO  [2019-04-27 23:40:49,473] org.grobid.core.factory.GrobidPoolingFactory: Number of Engines in pool active/max: 1/10
INFO  [2019-04-27 23:40:49,473] org.grobid.service.GrobidRestService: Initiating of Servlet GrobidRestService finished.
INFO  [2019-04-27 23:40:49,478] com.hubspot.dropwizard.guicier.DropwizardModule: Registering org.grobid.service.resources.HealthResource as a root resource class
INFO  [2019-04-27 23:40:49,478] com.hubspot.dropwizard.guicier.DropwizardModule: Registering org.grobid.service.GrobidRestService as a root resource class
INFO  [2019-04-27 23:40:49,479] com.hubspot.dropwizard.guicier.DropwizardModule: Registering org.grobid.service.exceptions.mapper.GrobidServiceExceptionMapper as a provider class
INFO  [2019-04-27 23:40:49,479] com.hubspot.dropwizard.guicier.DropwizardModule: Registering org.grobid.service.exceptions.mapper.GrobidExceptionsTranslationUtility as a provider class
INFO  [2019-04-27 23:40:49,479] com.hubspot.dropwizard.guicier.DropwizardModule: Registering org.grobid.service.exceptions.mapper.GrobidExceptionMapper as a provider class
INFO  [2019-04-27 23:40:49,479] com.hubspot.dropwizard.guicier.DropwizardModule: Registering org.grobid.service.exceptions.mapper.WebApplicationExceptionMapper as a provider class
INFO  [2019-04-27 23:40:49,482] org.grobid.service.main.GrobidServiceApplication: Service config=GrobidServiceConfiguration{server=DefaultServerFactory{applicationConnectors=[io.dropwizard.jetty.HttpConnectorFactory@51e37590], adminConnectors=[io.dropwizard.jetty.HttpConnectorFactory@704b2127], adminMaxThreads=64, adminMinThreads=1, applicationContextPath=/, adminContextPath=/}, logging=DefaultLoggingFactory{level=INFO, loggers={org.apache.pdfbox.pdmodel.font.PDSimpleFont="OFF"}, appenders=[io.dropwizard.logging.ConsoleAppenderFactory@c6a6c1d, io.dropwizard.logging.FileAppenderFactory@9d7ccfe]}, metrics=MetricsFactory{frequency=1 minute, reporters=[]}}
INFO  [2019-04-27 23:40:49,491] io.dropwizard.server.ServerFactory: Starting grobid-service

 _______  _______  _______  ______  _________ ______     _______  _______  _______          _________ _______  _______
(  ____ \(  ____ )(  ___  )(  ___ \ \__   __/(  __  \   (  ____ \(  ____ \(  ____ )|\     /|\__   __/(  ____ \(  ____ \
| (    \/| (    )|| (   ) || (   ) )   ) (   | (  \  )  | (    \/| (    \/| (    )|| )   ( |   ) (   | (    \/| (    \/
| |      | (____)|| |   | || (__/ /    | |   | |   ) |  | (_____ | (__    | (____)|| |   | |   | |   | |      | (__
| | ____ |     __)| |   | ||  __ (     | |   | |   | |  (_____  )|  __)   |     __)( (   ) )   | |   | |      |  __)
| | \_  )| (\ (   | |   | || (  \ \    | |   | |   ) |        ) || (      | (\ (    \ \_/ /    | |   | |      | (
| (___) || ) \ \__| (___) || )___) )___) (___| (__/  )  /\____) || (____/\| ) \ \__  \   /  ___) (___| (____/\| (____/\
(_______)|/   \__/(_______)|/ \___/ \_______/(______/   \_______)(_______/|/   \__/   \_/   \_______/(_______/(_______/


INFO  [2019-04-27 23:40:49,599] org.eclipse.jetty.setuid.SetUIDListener: Opened application@77d4ac52{HTTP/1.1,[http/1.1]}{0.0.0.0:8070}
INFO  [2019-04-27 23:40:49,599] org.eclipse.jetty.setuid.SetUIDListener: Opened admin@29f38091{HTTP/1.1,[http/1.1]}{0.0.0.0:8071}
INFO  [2019-04-27 23:40:49,603] org.eclipse.jetty.server.Server: jetty-9.4.11.v20180605; built: 2018-06-05T18:24:03.829Z; git: d5fc0523cfa96bfebfbda19606cad384d772f04c; jvm 1.8.0_212-b10
WARN  [2019-04-27 23:40:49,890] org.glassfish.jersey.internal.inject.Providers: A provider org.grobid.service.exceptions.mapper.GrobidExceptionsTranslationUtility registered in SERVER runtime does not implement any provider interfaces applicable in the SERVER runtime. Due to constraint configuration problems the provider org.grobid.service.exceptions.mapper.GrobidExceptionsTranslationUtility will be ignored. 
INFO  [2019-04-27 23:40:50,144] io.dropwizard.jersey.DropwizardResourceConfig: The following paths were found for the configured resources:

    POST    /api/annotatePDF (org.grobid.service.GrobidRestService)
    POST    /api/citationPatentAnnotations (org.grobid.service.GrobidRestService)
    GET     /api/grobid (org.grobid.service.GrobidRestService)
    GET     /api/health (org.grobid.service.resources.HealthResource)
    GET     /api/isalive (org.grobid.service.GrobidRestService)
    POST    /api/processAffiliations (org.grobid.service.GrobidRestService)
    PUT     /api/processAffiliations (org.grobid.service.GrobidRestService)
    POST    /api/processCitation (org.grobid.service.GrobidRestService)
    PUT     /api/processCitation (org.grobid.service.GrobidRestService)
    POST    /api/processCitationNames (org.grobid.service.GrobidRestService)
    PUT     /api/processCitationNames (org.grobid.service.GrobidRestService)
    POST    /api/processCitationPatentPDF (org.grobid.service.GrobidRestService)
    POST    /api/processCitationPatentST36 (org.grobid.service.GrobidRestService)
    POST    /api/processCitationPatentTXT (org.grobid.service.GrobidRestService)
    POST    /api/processDate (org.grobid.service.GrobidRestService)
    PUT     /api/processDate (org.grobid.service.GrobidRestService)
    POST    /api/processFulltextAssetDocument (org.grobid.service.GrobidRestService)
    PUT     /api/processFulltextAssetDocument (org.grobid.service.GrobidRestService)
    POST    /api/processFulltextDocument (org.grobid.service.GrobidRestService)
    PUT     /api/processFulltextDocument (org.grobid.service.GrobidRestService)
    POST    /api/processHeaderDocument (org.grobid.service.GrobidRestService)
    PUT     /api/processHeaderDocument (org.grobid.service.GrobidRestService)
    POST    /api/processHeaderNames (org.grobid.service.GrobidRestService)
    PUT     /api/processHeaderNames (org.grobid.service.GrobidRestService)
    POST    /api/processReferences (org.grobid.service.GrobidRestService)
    PUT     /api/processReferences (org.grobid.service.GrobidRestService)
    POST    /api/referenceAnnotations (org.grobid.service.GrobidRestService)
    GET     /api/version (org.grobid.service.GrobidRestService)

INFO  [2019-04-27 23:40:50,145] org.eclipse.jetty.server.handler.ContextHandler: Started i.d.j.MutableServletContextHandler@463045fb{/,null,AVAILABLE}
INFO  [2019-04-27 23:40:50,150] io.dropwizard.setup.AdminEnvironment: tasks = 

    POST    /tasks/log-level (io.dropwizard.servlets.tasks.LogConfigurationTask)
    POST    /tasks/gc (io.dropwizard.servlets.tasks.GarbageCollectionTask)

INFO  [2019-04-27 23:40:50,155] org.eclipse.jetty.server.handler.ContextHandler: Started i.d.j.MutableServletContextHandler@154b8cb6{/,null,AVAILABLE}
INFO  [2019-04-27 23:40:50,166] org.eclipse.jetty.server.AbstractConnector: Started application@77d4ac52{HTTP/1.1,[http/1.1]}{0.0.0.0:8070}
INFO  [2019-04-27 23:40:50,166] org.eclipse.jetty.server.AbstractConnector: Started admin@29f38091{HTTP/1.1,[http/1.1]}{0.0.0.0:8071}
INFO  [2019-04-27 23:40:50,166] org.eclipse.jetty.server.Server: Started @3290ms
INFO  [2019-04-27 23:41:21,173] org.grobid.core.jni.WapitiModel: Loading model: /Users/etashguha/Documents/etude/grobid/grobid-home/models/affiliation-address/model.wapiti (size: 2700194)
INFO  [2019-04-27 23:41:21,387] org.grobid.core.jni.WapitiModel: Loading model: /Users/etashguha/Documents/etude/grobid/grobid-home/models/name/header/model.wapiti (size: 2225578)
INFO  [2019-04-27 23:41:21,577] org.grobid.core.jni.WapitiModel: Loading model: /Users/etashguha/Documents/etude/grobid/grobid-home/models/name/citation/model.wapiti (size: 436519)
INFO  [2019-04-27 23:41:21,614] org.grobid.core.jni.WapitiModel: Loading model: /Users/etashguha/Documents/etude/grobid/grobid-home/models/header/model.wapiti (size: 36094028)
INFO  [2019-04-27 23:41:26,109] org.grobid.core.jni.WapitiModel: Loading model: /Users/etashguha/Documents/etude/grobid/grobid-home/models/date/model.wapiti (size: 102435)
INFO  [2019-04-27 23:41:26,119] org.grobid.core.jni.WapitiModel: Loading model: /Users/etashguha/Documents/etude/grobid/grobid-home/models/citation/model.wapiti (size: 16235248)
INFO  [2019-04-27 23:41:28,426] org.grobid.core.jni.WapitiModel: Loading model: /Users/etashguha/Documents/etude/grobid/grobid-home/models/fulltext/model.wapiti (size: 21734019)
INFO  [2019-04-27 23:41:30,982] org.grobid.core.jni.WapitiModel: Loading model: /Users/etashguha/Documents/etude/grobid/grobid-home/models/segmentation/model.wapiti (size: 16788068)
INFO  [2019-04-27 23:41:33,357] org.grobid.core.jni.WapitiModel: Loading model: /Users/etashguha/Documents/etude/grobid/grobid-home/models/reference-segmenter/model.wapiti (size: 4921245)
INFO  [2019-04-27 23:41:33,792] org.grobid.core.jni.WapitiModel: Loading model: /Users/etashguha/Documents/etude/grobid/grobid-home/models/figure/model.wapiti (size: 695735)
INFO  [2019-04-27 23:41:33,843] org.grobid.core.jni.WapitiModel: Loading model: /Users/etashguha/Documents/etude/grobid/grobid-home/models/table/model.wapiti (size: 1364953)
INFO  [2019-04-27 23:41:33,945] org.grobid.core.factory.GrobidPoolingFactory: Number of Engines in pool active/max: 1/10
INFO  [2019-04-27 23:41:42,963] org.grobid.core.factory.GrobidPoolingFactory: Number of Engines in pool active/max: 2/10
INFO  [2019-04-27 23:41:44,548] org.grobid.core.factory.GrobidPoolingFactory: Number of Engines in pool active/max: 3/10
INFO  [2019-04-27 23:42:28,432] org.eclipse.jetty.server.AbstractConnector: Stopped application@77d4ac52{HTTP/1.1,[http/1.1]}{0.0.0.0:8070}
INFO  [2019-04-27 23:42:28,432] org.eclipse.jetty.server.AbstractConnector: Stopped admin@29f38091{HTTP/1.1,[http/1.1]}{0.0.0.0:8071}
INFO  [2019-04-27 23:42:28,434] org.eclipse.jetty.server.handler.ContextHandler: Stopped i.d.j.MutableServletContextHandler@154b8cb6{/,null,UNAVAILABLE}
INFO  [2019-04-27 23:42:28,436] org.eclipse.jetty.server.handler.ContextHandler: Stopped i.d.j.MutableServletContextHandler@463045fb{/,null,UNAVAILABLE}
INFO  [2019-04-27 23:43:55,886] io.dropwizard.server.DefaultServerFactory: Registering jersey handler with root path prefix: /
INFO  [2019-04-27 23:43:55,889] io.dropwizard.server.DefaultServerFactory: Registering admin handler with root path prefix: /
INFO  [2019-04-27 23:43:55,890] io.dropwizard.assets.AssetsBundle: Registering AssetBundle with name: grobidAssets for path /*
INFO  [2019-04-27 23:43:56,292] com.hubspot.dropwizard.guicier.DropwizardModule: Added guice injected health check: org.grobid.service.resources.HealthResource
INFO  [2019-04-27 23:43:56,300] org.grobid.service.GrobidRestService: Initiating Servlet GrobidRestService
INFO  [2019-04-27 23:43:56,301] org.grobid.core.main.LibraryLoader: Loading external native sequence labelling library
INFO  [2019-04-27 23:43:56,302] org.grobid.core.main.LibraryLoader: Loading Wapiti native library...
INFO  [2019-04-27 23:43:56,303] org.grobid.core.main.LibraryLoader: Native library for sequence labelling loaded
INFO  [2019-04-27 23:43:56,305] org.grobid.core.lexicon.Lexicon: Initiating dictionary
INFO  [2019-04-27 23:43:56,305] org.grobid.core.lexicon.Lexicon: End of Initialization of dictionary
INFO  [2019-04-27 23:43:56,305] org.grobid.core.lexicon.Lexicon: Initiating names
INFO  [2019-04-27 23:43:56,305] org.grobid.core.lexicon.Lexicon: End of initialization of names
INFO  [2019-04-27 23:43:56,695] org.grobid.core.lexicon.Lexicon: Initiating country codes
INFO  [2019-04-27 23:43:56,695] org.grobid.core.lexicon.Lexicon: End of initialization of country codes
INFO  [2019-04-27 23:43:56,783] org.grobid.core.factory.GrobidPoolingFactory: Number of Engines in pool active/max: 1/10
INFO  [2019-04-27 23:43:56,783] org.grobid.service.GrobidRestService: Initiating of Servlet GrobidRestService finished.
INFO  [2019-04-27 23:43:56,787] com.hubspot.dropwizard.guicier.DropwizardModule: Registering org.grobid.service.resources.HealthResource as a root resource class
INFO  [2019-04-27 23:43:56,787] com.hubspot.dropwizard.guicier.DropwizardModule: Registering org.grobid.service.GrobidRestService as a root resource class
INFO  [2019-04-27 23:43:56,788] com.hubspot.dropwizard.guicier.DropwizardModule: Registering org.grobid.service.exceptions.mapper.GrobidServiceExceptionMapper as a provider class
INFO  [2019-04-27 23:43:56,788] com.hubspot.dropwizard.guicier.DropwizardModule: Registering org.grobid.service.exceptions.mapper.GrobidExceptionsTranslationUtility as a provider class
INFO  [2019-04-27 23:43:56,788] com.hubspot.dropwizard.guicier.DropwizardModule: Registering org.grobid.service.exceptions.mapper.GrobidExceptionMapper as a provider class
INFO  [2019-04-27 23:43:56,788] com.hubspot.dropwizard.guicier.DropwizardModule: Registering org.grobid.service.exceptions.mapper.WebApplicationExceptionMapper as a provider class
INFO  [2019-04-27 23:43:56,791] org.grobid.service.main.GrobidServiceApplication: Service config=GrobidServiceConfiguration{server=DefaultServerFactory{applicationConnectors=[io.dropwizard.jetty.HttpConnectorFactory@51e37590], adminConnectors=[io.dropwizard.jetty.HttpConnectorFactory@704b2127], adminMaxThreads=64, adminMinThreads=1, applicationContextPath=/, adminContextPath=/}, logging=DefaultLoggingFactory{level=INFO, loggers={org.apache.pdfbox.pdmodel.font.PDSimpleFont="OFF"}, appenders=[io.dropwizard.logging.ConsoleAppenderFactory@c6a6c1d, io.dropwizard.logging.FileAppenderFactory@9d7ccfe]}, metrics=MetricsFactory{frequency=1 minute, reporters=[]}}
INFO  [2019-04-27 23:43:56,798] io.dropwizard.server.ServerFactory: Starting grobid-service

 _______  _______  _______  ______  _________ ______     _______  _______  _______          _________ _______  _______
(  ____ \(  ____ )(  ___  )(  ___ \ \__   __/(  __  \   (  ____ \(  ____ \(  ____ )|\     /|\__   __/(  ____ \(  ____ \
| (    \/| (    )|| (   ) || (   ) )   ) (   | (  \  )  | (    \/| (    \/| (    )|| )   ( |   ) (   | (    \/| (    \/
| |      | (____)|| |   | || (__/ /    | |   | |   ) |  | (_____ | (__    | (____)|| |   | |   | |   | |      | (__
| | ____ |     __)| |   | ||  __ (     | |   | |   | |  (_____  )|  __)   |     __)( (   ) )   | |   | |      |  __)
| | \_  )| (\ (   | |   | || (  \ \    | |   | |   ) |        ) || (      | (\ (    \ \_/ /    | |   | |      | (
| (___) || ) \ \__| (___) || )___) )___) (___| (__/  )  /\____) || (____/\| ) \ \__  \   /  ___) (___| (____/\| (____/\
(_______)|/   \__/(_______)|/ \___/ \_______/(______/   \_______)(_______/|/   \__/   \_/   \_______/(_______/(_______/


INFO  [2019-04-27 23:43:56,882] org.eclipse.jetty.setuid.SetUIDListener: Opened application@29f38091{HTTP/1.1,[http/1.1]}{0.0.0.0:8070}
INFO  [2019-04-27 23:43:56,882] org.eclipse.jetty.setuid.SetUIDListener: Opened admin@161dd92a{HTTP/1.1,[http/1.1]}{0.0.0.0:8071}
INFO  [2019-04-27 23:43:56,884] org.eclipse.jetty.server.Server: jetty-9.4.11.v20180605; built: 2018-06-05T18:24:03.829Z; git: d5fc0523cfa96bfebfbda19606cad384d772f04c; jvm 1.8.0_212-b10
WARN  [2019-04-27 23:43:57,120] org.glassfish.jersey.internal.inject.Providers: A provider org.grobid.service.exceptions.mapper.GrobidExceptionsTranslationUtility registered in SERVER runtime does not implement any provider interfaces applicable in the SERVER runtime. Due to constraint configuration problems the provider org.grobid.service.exceptions.mapper.GrobidExceptionsTranslationUtility will be ignored. 
INFO  [2019-04-27 23:43:57,359] io.dropwizard.jersey.DropwizardResourceConfig: The following paths were found for the configured resources:

    POST    /api/annotatePDF (org.grobid.service.GrobidRestService)
    POST    /api/citationPatentAnnotations (org.grobid.service.GrobidRestService)
    GET     /api/grobid (org.grobid.service.GrobidRestService)
    GET     /api/health (org.grobid.service.resources.HealthResource)
    GET     /api/isalive (org.grobid.service.GrobidRestService)
    POST    /api/processAffiliations (org.grobid.service.GrobidRestService)
    PUT     /api/processAffiliations (org.grobid.service.GrobidRestService)
    POST    /api/processCitation (org.grobid.service.GrobidRestService)
    PUT     /api/processCitation (org.grobid.service.GrobidRestService)
    POST    /api/processCitationNames (org.grobid.service.GrobidRestService)
    PUT     /api/processCitationNames (org.grobid.service.GrobidRestService)
    POST    /api/processCitationPatentPDF (org.grobid.service.GrobidRestService)
    POST    /api/processCitationPatentST36 (org.grobid.service.GrobidRestService)
    POST    /api/processCitationPatentTXT (org.grobid.service.GrobidRestService)
    POST    /api/processDate (org.grobid.service.GrobidRestService)
    PUT     /api/processDate (org.grobid.service.GrobidRestService)
    POST    /api/processFulltextAssetDocument (org.grobid.service.GrobidRestService)
    PUT     /api/processFulltextAssetDocument (org.grobid.service.GrobidRestService)
    POST    /api/processFulltextDocument (org.grobid.service.GrobidRestService)
    PUT     /api/processFulltextDocument (org.grobid.service.GrobidRestService)
    POST    /api/processHeaderDocument (org.grobid.service.GrobidRestService)
    PUT     /api/processHeaderDocument (org.grobid.service.GrobidRestService)
    POST    /api/processHeaderNames (org.grobid.service.GrobidRestService)
    PUT     /api/processHeaderNames (org.grobid.service.GrobidRestService)
    POST    /api/processReferences (org.grobid.service.GrobidRestService)
    PUT     /api/processReferences (org.grobid.service.GrobidRestService)
    POST    /api/referenceAnnotations (org.grobid.service.GrobidRestService)
    GET     /api/version (org.grobid.service.GrobidRestService)

INFO  [2019-04-27 23:43:57,360] org.eclipse.jetty.server.handler.ContextHandler: Started i.d.j.MutableServletContextHandler@27ab206{/,null,AVAILABLE}
INFO  [2019-04-27 23:43:57,364] io.dropwizard.setup.AdminEnvironment: tasks = 

    POST    /tasks/log-level (io.dropwizard.servlets.tasks.LogConfigurationTask)
    POST    /tasks/gc (io.dropwizard.servlets.tasks.GarbageCollectionTask)

INFO  [2019-04-27 23:43:57,368] org.eclipse.jetty.server.handler.ContextHandler: Started i.d.j.MutableServletContextHandler@7b297740{/,null,AVAILABLE}
INFO  [2019-04-27 23:43:57,378] org.eclipse.jetty.server.AbstractConnector: Started application@29f38091{HTTP/1.1,[http/1.1]}{0.0.0.0:8070}
INFO  [2019-04-27 23:43:57,379] org.eclipse.jetty.server.AbstractConnector: Started admin@161dd92a{HTTP/1.1,[http/1.1]}{0.0.0.0:8071}
INFO  [2019-04-27 23:43:57,379] org.eclipse.jetty.server.Server: Started @3197ms
INFO  [2019-04-27 23:44:10,542] org.grobid.core.jni.WapitiModel: Loading model: /Users/etashguha/Documents/etude/grobid/grobid-home/models/affiliation-address/model.wapiti (size: 2700194)
INFO  [2019-04-27 23:44:10,805] org.grobid.core.jni.WapitiModel: Loading model: /Users/etashguha/Documents/etude/grobid/grobid-home/models/name/header/model.wapiti (size: 2225578)
INFO  [2019-04-27 23:44:11,012] org.grobid.core.jni.WapitiModel: Loading model: /Users/etashguha/Documents/etude/grobid/grobid-home/models/name/citation/model.wapiti (size: 436519)
INFO  [2019-04-27 23:44:11,053] org.grobid.core.jni.WapitiModel: Loading model: /Users/etashguha/Documents/etude/grobid/grobid-home/models/header/model.wapiti (size: 36094028)
INFO  [2019-04-27 23:44:15,692] org.grobid.core.jni.WapitiModel: Loading model: /Users/etashguha/Documents/etude/grobid/grobid-home/models/date/model.wapiti (size: 102435)
INFO  [2019-04-27 23:44:15,701] org.grobid.core.jni.WapitiModel: Loading model: /Users/etashguha/Documents/etude/grobid/grobid-home/models/citation/model.wapiti (size: 16235248)
INFO  [2019-04-27 23:44:17,813] org.grobid.core.jni.WapitiModel: Loading model: /Users/etashguha/Documents/etude/grobid/grobid-home/models/fulltext/model.wapiti (size: 21734019)
INFO  [2019-04-27 23:44:20,269] org.grobid.core.jni.WapitiModel: Loading model: /Users/etashguha/Documents/etude/grobid/grobid-home/models/segmentation/model.wapiti (size: 16788068)
INFO  [2019-04-27 23:44:22,339] org.grobid.core.jni.WapitiModel: Loading model: /Users/etashguha/Documents/etude/grobid/grobid-home/models/reference-segmenter/model.wapiti (size: 4921245)
INFO  [2019-04-27 23:44:22,815] org.grobid.core.jni.WapitiModel: Loading model: /Users/etashguha/Documents/etude/grobid/grobid-home/models/figure/model.wapiti (size: 695735)
INFO  [2019-04-27 23:44:22,866] org.grobid.core.jni.WapitiModel: Loading model: /Users/etashguha/Documents/etude/grobid/grobid-home/models/table/model.wapiti (size: 1364953)
INFO  [2019-04-27 23:44:22,978] org.grobid.core.factory.GrobidPoolingFactory: Number of Engines in pool active/max: 1/10
INFO  [2019-04-27 23:44:36,984] org.grobid.core.utilities.crossref.CrossrefRequestTask:  (,rows=1,query.author=Yamauchi): New request in the pool
INFO  [2019-04-27 23:44:36,985] org.grobid.core.utilities.crossref.CrossrefRequestTask: timedSemaphore acquire... current total: 0, still available: 1
INFO  [2019-04-27 23:44:36,986] org.grobid.core.utilities.crossref.CrossrefRequestTask:  (,rows=1,query.author=Yamauchi): .. executing
INFO  [2019-04-27 23:44:45,407] org.grobid.core.factory.GrobidPoolingFactory: Number of Engines in pool active/max: 1/10
INFO  [2019-04-27 23:44:45,803] org.grobid.core.utilities.crossref.CrossrefRequestTask:  (,rows=1,query.author=Yamauchi): New request in the pool
INFO  [2019-04-27 23:44:45,804] org.grobid.core.utilities.crossref.CrossrefRequestTask: timedSemaphore acquire... current total: 0, still available: 25
INFO  [2019-04-27 23:44:45,804] org.grobid.core.utilities.crossref.CrossrefRequestTask:  (,rows=1,query.author=Yamauchi): .. executing
INFO  [2019-04-27 23:47:19,163] org.grobid.core.factory.GrobidPoolingFactory: Number of Engines in pool active/max: 1/10
WARN  [2019-04-27 23:47:19,325] org.grobid.core.lang.impl.CybozuLanguageDetector: Cannot detect language because of: com.cybozu.labs.langdetect.LangDetectException: no features in text
WARN  [2019-04-27 23:47:19,405] org.grobid.core.lang.impl.CybozuLanguageDetector: Cannot detect language because of: com.cybozu.labs.langdetect.LangDetectException: no features in text
INFO  [2019-04-27 23:47:57,463] org.grobid.core.factory.GrobidPoolingFactory: Number of Engines in pool active/max: 1/10
WARN  [2019-04-27 23:47:57,598] org.grobid.core.lang.impl.CybozuLanguageDetector: Cannot detect language because of: com.cybozu.labs.langdetect.LangDetectException: no features in text
WARN  [2019-04-27 23:47:57,670] org.grobid.core.lang.impl.CybozuLanguageDetector: Cannot detect language because of: com.cybozu.labs.langdetect.LangDetectException: no features in text
INFO  [2019-04-27 23:48:28,167] org.grobid.core.factory.GrobidPoolingFactory: Number of Engines in pool active/max: 1/10
WARN  [2019-04-27 23:48:28,321] org.grobid.core.lang.impl.CybozuLanguageDetector: Cannot detect language because of: com.cybozu.labs.langdetect.LangDetectException: no features in text
WARN  [2019-04-27 23:48:28,420] org.grobid.core.lang.impl.CybozuLanguageDetector: Cannot detect language because of: com.cybozu.labs.langdetect.LangDetectException: no features in text
INFO  [2019-04-27 23:50:11,491] org.grobid.core.factory.GrobidPoolingFactory: Number of Engines in pool active/max: 1/10
WARN  [2019-04-27 23:50:11,640] org.grobid.core.lang.impl.CybozuLanguageDetector: Cannot detect language because of: com.cybozu.labs.langdetect.LangDetectException: no features in text
WARN  [2019-04-27 23:50:11,704] org.grobid.core.lang.impl.CybozuLanguageDetector: Cannot detect language because of: com.cybozu.labs.langdetect.LangDetectException: no features in text
INFO  [2019-04-27 23:50:42,281] org.grobid.core.factory.GrobidPoolingFactory: Number of Engines in pool active/max: 1/10
INFO  [2019-04-27 23:50:42,482] org.grobid.core.utilities.crossref.CrossrefRequestTask:  (,rows=1,query.author=Yamauchi): New request in the pool
INFO  [2019-04-27 23:50:42,482] org.grobid.core.utilities.crossref.CrossrefRequestTask: timedSemaphore acquire... current total: 0, still available: 25
INFO  [2019-04-27 23:50:42,482] org.grobid.core.utilities.crossref.CrossrefRequestTask:  (,rows=1,query.author=Yamauchi): .. executing
INFO  [2019-04-27 23:50:51,028] org.grobid.core.factory.GrobidPoolingFactory: Number of Engines in pool active/max: 1/10
INFO  [2019-04-27 23:50:51,416] org.grobid.core.utilities.crossref.CrossrefRequestTask:  (,rows=1,query.author=Yamauchi): New request in the pool
INFO  [2019-04-27 23:50:51,416] org.grobid.core.utilities.crossref.CrossrefRequestTask: timedSemaphore acquire... current total: 0, still available: 25
INFO  [2019-04-27 23:50:51,416] org.grobid.core.utilities.crossref.CrossrefRequestTask:  (,rows=1,query.author=Yamauchi): .. executing
INFO  [2019-04-27 23:51:03,783] org.grobid.core.factory.GrobidPoolingFactory: Number of Engines in pool active/max: 1/10
INFO  [2019-04-27 23:51:32,476] org.grobid.core.factory.GrobidPoolingFactory: Number of Engines in pool active/max: 1/10
WARN  [2019-04-27 23:51:32,600] org.grobid.core.lang.impl.CybozuLanguageDetector: Cannot detect language because of: com.cybozu.labs.langdetect.LangDetectException: no features in text
WARN  [2019-04-27 23:51:32,647] org.grobid.core.lang.impl.CybozuLanguageDetector: Cannot detect language because of: com.cybozu.labs.langdetect.LangDetectException: no features in text
INFO  [2019-04-27 23:51:53,764] org.grobid.core.factory.GrobidPoolingFactory: Number of Engines in pool active/max: 1/10
WARN  [2019-04-27 23:51:53,895] org.grobid.core.lang.impl.CybozuLanguageDetector: Cannot detect language because of: com.cybozu.labs.langdetect.LangDetectException: no features in text
WARN  [2019-04-27 23:51:53,959] org.grobid.core.lang.impl.CybozuLanguageDetector: Cannot detect language because of: com.cybozu.labs.langdetect.LangDetectException: no features in text
INFO  [2019-04-27 23:52:01,555] org.grobid.core.factory.GrobidPoolingFactory: Number of Engines in pool active/max: 1/10
ERROR [2019-04-27 23:52:01,567] org.grobid.core.process.ProcessPdfToXml: pdftoxml process finished with error code: 1. [/Users/etashguha/Documents/etude/grobid/grobid-home/pdf2xml/mac-64/pdfalto_server, -blocks, -noImageInline, -fullFontName, -noImage, -annotation, -filesLimit, 2000, /Users/etashguha/Documents/etude/grobid/grobid-home/tmp/origin2992631398730019624.pdf, /Users/etashguha/Documents/etude/grobid/grobid-home/tmp/2jsfRaHCar.lxml]
ERROR [2019-04-27 23:52:01,567] org.grobid.core.process.ProcessPdfToXml: pdftoxml return message: 
Syntax Warning: May not be a PDF file (continuing anyway)
Syntax Error: Couldn't read xref table
Syntax Warning: PDF file is damaged - attempting to reconstruct xref table...
Syntax Error: Couldn't find trailer dictionary
Syntax Error: Couldn't read xref table

ERROR [2019-04-27 23:52:01,569] org.grobid.service.process.GrobidRestProcessFiles: An unexpected exception occurs. 
! org.grobid.core.exceptions.GrobidException: [BAD_INPUT_DATA] PDF to XML conversion failed with error code: 1
! at org.grobid.core.document.DocumentSource.processPdfToXmlServerMode(DocumentSource.java:237)
! at org.grobid.core.document.DocumentSource.pdf2xml(DocumentSource.java:140)
! at org.grobid.core.document.DocumentSource.fromPdf(DocumentSource.java:63)
! at org.grobid.core.engines.FullTextParser.processing(FullTextParser.java:107)
! at org.grobid.core.engines.Engine.fullTextToTEIDoc(Engine.java:474)
! at org.grobid.core.engines.Engine.fullTextToTEI(Engine.java:465)
! at org.grobid.service.process.GrobidRestProcessFiles.processFulltextDocument(GrobidRestProcessFiles.java:179)
! at org.grobid.service.GrobidRestService.processFulltext(GrobidRestService.java:218)
! at org.grobid.service.GrobidRestService.processFulltextDocument_post(GrobidRestService.java:187)
! at sun.reflect.NativeMethodAccessorImpl.invoke0(Native Method)
! at sun.reflect.NativeMethodAccessorImpl.invoke(NativeMethodAccessorImpl.java:62)
! at sun.reflect.DelegatingMethodAccessorImpl.invoke(DelegatingMethodAccessorImpl.java:43)
! at java.lang.reflect.Method.invoke(Method.java:498)
! at org.glassfish.jersey.server.model.internal.ResourceMethodInvocationHandlerFactory$1.invoke(ResourceMethodInvocationHandlerFactory.java:81)
! at org.glassfish.jersey.server.model.internal.AbstractJavaResourceMethodDispatcher$1.run(AbstractJavaResourceMethodDispatcher.java:144)
! at org.glassfish.jersey.server.model.internal.AbstractJavaResourceMethodDispatcher.invoke(AbstractJavaResourceMethodDispatcher.java:161)
! at org.glassfish.jersey.server.model.internal.JavaResourceMethodDispatcherProvider$ResponseOutInvoker.doDispatch(JavaResourceMethodDispatcherProvider.java:160)
! at org.glassfish.jersey.server.model.internal.AbstractJavaResourceMethodDispatcher.dispatch(AbstractJavaResourceMethodDispatcher.java:99)
! at org.glassfish.jersey.server.model.ResourceMethodInvoker.invoke(ResourceMethodInvoker.java:389)
! at org.glassfish.jersey.server.model.ResourceMethodInvoker.apply(ResourceMethodInvoker.java:347)
! at org.glassfish.jersey.server.model.ResourceMethodInvoker.apply(ResourceMethodInvoker.java:102)
! at org.glassfish.jersey.server.ServerRuntime$2.run(ServerRuntime.java:326)
! at org.glassfish.jersey.internal.Errors$1.call(Errors.java:271)
! at org.glassfish.jersey.internal.Errors$1.call(Errors.java:267)
! at org.glassfish.jersey.internal.Errors.process(Errors.java:315)
! at org.glassfish.jersey.internal.Errors.process(Errors.java:297)
! at org.glassfish.jersey.internal.Errors.process(Errors.java:267)
! at org.glassfish.jersey.process.internal.RequestScope.runInScope(RequestScope.java:317)
! at org.glassfish.jersey.server.ServerRuntime.process(ServerRuntime.java:305)
! at org.glassfish.jersey.server.ApplicationHandler.handle(ApplicationHandler.java:1154)
! at org.glassfish.jersey.servlet.WebComponent.serviceImpl(WebComponent.java:473)
! at org.glassfish.jersey.servlet.WebComponent.service(WebComponent.java:427)
! at org.glassfish.jersey.servlet.ServletContainer.service(ServletContainer.java:388)
! at org.glassfish.jersey.servlet.ServletContainer.service(ServletContainer.java:341)
! at org.glassfish.jersey.servlet.ServletContainer.service(ServletContainer.java:228)
! at io.dropwizard.jetty.NonblockingServletHolder.handle(NonblockingServletHolder.java:49)
! at org.eclipse.jetty.servlet.ServletHandler$CachedChain.doFilter(ServletHandler.java:1655)
! at io.dropwizard.servlets.ThreadNameFilter.doFilter(ThreadNameFilter.java:35)
! at org.eclipse.jetty.servlet.ServletHandler$CachedChain.doFilter(ServletHandler.java:1642)
! at io.dropwizard.jersey.filter.AllowedMethodsFilter.handle(AllowedMethodsFilter.java:45)
! at io.dropwizard.jersey.filter.AllowedMethodsFilter.doFilter(AllowedMethodsFilter.java:39)
! at org.eclipse.jetty.servlet.ServletHandler$CachedChain.doFilter(ServletHandler.java:1642)
! at com.google.inject.servlet.FilterChainInvocation.doFilter(FilterChainInvocation.java:89)
! at com.google.inject.servlet.ManagedFilterPipeline.dispatch(ManagedFilterPipeline.java:120)
! at com.google.inject.servlet.GuiceFilter.doFilter(GuiceFilter.java:135)
! at org.eclipse.jetty.servlet.ServletHandler$CachedChain.doFilter(ServletHandler.java:1642)
! at org.eclipse.jetty.servlet.ServletHandler.doHandle(ServletHandler.java:533)
! at org.eclipse.jetty.server.handler.ScopedHandler.nextHandle(ScopedHandler.java:255)
! at org.eclipse.jetty.server.handler.ContextHandler.doHandle(ContextHandler.java:1317)
! at org.eclipse.jetty.server.handler.ScopedHandler.nextScope(ScopedHandler.java:203)
! at org.eclipse.jetty.servlet.ServletHandler.doScope(ServletHandler.java:473)
! at org.eclipse.jetty.server.handler.ScopedHandler.nextScope(ScopedHandler.java:201)
! at org.eclipse.jetty.server.handler.ContextHandler.doScope(ContextHandler.java:1219)
! at org.eclipse.jetty.server.handler.ScopedHandler.handle(ScopedHandler.java:144)
! at org.eclipse.jetty.server.handler.HandlerWrapper.handle(HandlerWrapper.java:132)
! at com.codahale.metrics.jetty9.InstrumentedHandler.handle(InstrumentedHandler.java:239)
! at io.dropwizard.jetty.RoutingHandler.handle(RoutingHandler.java:52)
! at org.eclipse.jetty.server.handler.gzip.GzipHandler.handle(GzipHandler.java:674)
! at io.dropwizard.jetty.BiDiGzipHandler.handle(BiDiGzipHandler.java:67)
! at org.eclipse.jetty.server.handler.RequestLogHandler.handle(RequestLogHandler.java:56)
! at org.eclipse.jetty.server.handler.StatisticsHandler.handle(StatisticsHandler.java:169)
! at org.eclipse.jetty.server.handler.HandlerWrapper.handle(HandlerWrapper.java:132)
! at org.eclipse.jetty.server.Server.handle(Server.java:531)
! at org.eclipse.jetty.server.HttpChannel.handle(HttpChannel.java:352)
! at org.eclipse.jetty.server.HttpConnection.onFillable(HttpConnection.java:260)
! at org.eclipse.jetty.io.AbstractConnection$ReadCallback.succeeded(AbstractConnection.java:281)
! at org.eclipse.jetty.io.FillInterest.fillable(FillInterest.java:102)
! at org.eclipse.jetty.io.ChannelEndPoint$2.run(ChannelEndPoint.java:118)
! at org.eclipse.jetty.util.thread.strategy.EatWhatYouKill.runTask(EatWhatYouKill.java:333)
! at org.eclipse.jetty.util.thread.strategy.EatWhatYouKill.doProduce(EatWhatYouKill.java:310)
! at org.eclipse.jetty.util.thread.strategy.EatWhatYouKill.tryProduce(EatWhatYouKill.java:168)
! at org.eclipse.jetty.util.thread.strategy.EatWhatYouKill.run(EatWhatYouKill.java:126)
! at org.eclipse.jetty.util.thread.ReservedThreadExecutor$ReservedThread.run(ReservedThreadExecutor.java:366)
! at org.eclipse.jetty.util.thread.QueuedThreadPool.runJob(QueuedThreadPool.java:762)
! at org.eclipse.jetty.util.thread.QueuedThreadPool$2.run(QueuedThreadPool.java:680)
! at java.lang.Thread.run(Thread.java:748)
INFO  [2019-04-27 23:52:51,799] org.grobid.core.factory.GrobidPoolingFactory: Number of Engines in pool active/max: 1/10
INFO  [2019-04-27 23:52:52,108] org.grobid.core.utilities.crossref.CrossrefRequestTask:  (,rows=1,query.author=Yamauchi): New request in the pool
INFO  [2019-04-27 23:52:52,154] org.grobid.core.utilities.crossref.CrossrefRequestTask: timedSemaphore acquire... current total: 0, still available: 25
INFO  [2019-04-27 23:52:52,154] org.grobid.core.utilities.crossref.CrossrefRequestTask:  (,rows=1,query.author=Yamauchi): .. executing
INFO  [2019-04-27 23:53:25,898] org.grobid.core.factory.GrobidPoolingFactory: Number of Engines in pool active/max: 1/10
INFO  [2019-04-27 23:53:26,242] org.grobid.core.utilities.crossref.CrossrefRequestTask:  (,rows=1,query.author=Yamauchi): New request in the pool
INFO  [2019-04-27 23:53:26,242] org.grobid.core.utilities.crossref.CrossrefRequestTask: timedSemaphore acquire... current total: 0, still available: 25
INFO  [2019-04-27 23:53:26,242] org.grobid.core.utilities.crossref.CrossrefRequestTask:  (,rows=1,query.author=Yamauchi): .. executing
INFO  [2019-04-27 23:53:37,431] org.grobid.core.factory.GrobidPoolingFactory: Number of Engines in pool active/max: 1/10
INFO  [2019-04-27 23:54:16,593] org.grobid.core.factory.GrobidPoolingFactory: Number of Engines in pool active/max: 1/10
WARN  [2019-04-27 23:54:16,720] org.grobid.core.lang.impl.CybozuLanguageDetector: Cannot detect language because of: com.cybozu.labs.langdetect.LangDetectException: no features in text
WARN  [2019-04-27 23:54:16,781] org.grobid.core.lang.impl.CybozuLanguageDetector: Cannot detect language because of: com.cybozu.labs.langdetect.LangDetectException: no features in text
INFO  [2019-04-27 23:55:55,356] org.eclipse.jetty.server.AbstractConnector: Stopped application@29f38091{HTTP/1.1,[http/1.1]}{0.0.0.0:8070}
INFO  [2019-04-27 23:55:55,357] org.eclipse.jetty.server.AbstractConnector: Stopped admin@161dd92a{HTTP/1.1,[http/1.1]}{0.0.0.0:8071}
INFO  [2019-04-27 23:55:55,358] org.eclipse.jetty.server.handler.ContextHandler: Stopped i.d.j.MutableServletContextHandler@7b297740{/,null,UNAVAILABLE}
INFO  [2019-04-27 23:55:55,360] org.eclipse.jetty.server.handler.ContextHandler: Stopped i.d.j.MutableServletContextHandler@27ab206{/,null,UNAVAILABLE}
